<?xml version='1.0' encoding='UTF-8'?>
<testsuite hostname="Unluckyitis" name="ApplicationTest" tests="2" errors="0" failures="1" time="0.013">
        <properties>
[...]
</properties>
        <testcase classname="ApplicationTest" name="simpleCheck" time="0.0">
      
    </testcase><testcase classname="ApplicationTest" name="renderTemplate" time="0.0">
      <failure message="&lt;'



&lt;!DOCTYPE html&gt;

&lt;html&gt;
    &lt;head&gt;
        &lt;title&gt;Open Class Knowledge Base&lt;/title&gt;
        &lt;link href=&quot;http://netdna.bootstrapcdn.com/bootswatch/3.1.1/flatly/bootstrap.min.css&quot; rel=&quot;stylesheet&quot;&gt;
    	&lt;link href=&quot;http://netdna.bootstrapcdn.com/font-awesome/4.0.3/css/font-awesome.css&quot; rel=&quot;stylesheet&quot;&gt;
        &lt;link rel=&quot;stylesheet&quot; media=&quot;screen&quot; href=&quot;/assets/stylesheets/main.css&quot;&gt;
        &lt;link rel=&quot;shortcut icon&quot; type=&quot;image/png&quot; href=&quot;/assets/images/favicon.png&quot;&gt;
        &lt;script src=&quot;https://netdna.bootstrapcdn.com/bootstrap/3.0.0/js/bootstrap.min.js&quot; type=&quot;text/javascript&quot;&gt;&lt;/script&gt;
        &lt;script src=&quot;/assets/javascripts/jquery-1.9.0.min.js&quot; type=&quot;text/javascript&quot;&gt;&lt;/script&gt;
    &lt;/head&gt;
    &lt;body&gt;
    	&lt;div class=&quot;navbar-default navbar-fixed-top&quot;&gt;
	      &lt;div class=&quot;container-fluid&quot;&gt;
	        &lt;div class=&quot;navbar-header&quot;&gt;
	          &lt;button type=&quot;button&quot; class=&quot;navbar-toggle&quot; data-toggle=&quot;collapse&quot; data-target=&quot;.navbar-collapse&quot;&gt;
	            &lt;span class=&quot;icon-bar&quot;&gt;&lt;/span&gt;&lt;span class=&quot;icon-bar&quot;&gt;&lt;/span&gt;&lt;span class=&quot;icon-bar&quot;&gt;&lt;/span&gt;
	          &lt;/button&gt;
	          &lt;a class=&quot;navbar-brand&quot; href=&quot;#&quot;&gt;OCKB&lt;/a&gt;
	        &lt;/div&gt;
	        &lt;div class=&quot;navbar-collapse collapse&quot;&gt;
	          &lt;form class=&quot;navbar-form navbar-right&quot; action=&quot;/comments&quot;&gt;
	            &lt;button type=&quot;submit&quot; class=&quot;btn btn-default&quot;&gt;Sign in&lt;/button&gt;
	          &lt;/form&gt;
	        &lt;/div&gt;
	      &lt;/div&gt;
    	&lt;/div&gt;
        

    &lt;div class=&quot;container-fluid center-block&quot;&gt;

      &lt;div class=&quot;row row-top-img&quot;&gt;
        &lt;div class=&quot;col-lg-12&quot;&gt;
          &lt;img src = &quot;/assets/images/logo-bluegray.gif&quot; class=&quot;img-responsive&quot;&gt;
        &lt;/div&gt;
      &lt;/div&gt;

      &lt;div class = &quot;row row-top&quot;&gt;
        &lt;div class = &quot;col-lg-12 txt-top&quot;&gt;
          &lt;h1 class=&quot;text-center&quot;&gt; Open Class Knowledge Base &lt;/h1&gt;
          &lt;p class = &quot;text-center&quot;&gt;Made by students, for students, the Open Class Knowledge Base features a collaborative environment that lets you interact with your classmates and professors like never before.&lt;/p&gt;
        &lt;/div&gt;
        &lt;!--&lt;div class=&quot;col-lg-6&quot;&gt;
          &lt;img src = &quot;comm-based.png&quot; class = &quot;img-responsive&quot;&gt;
        &lt;/div&gt; --&gt;
      &lt;/div&gt;
      &lt;hr&gt;

      &lt;div class = &quot;row row-fluid&quot;&gt;
        &lt;div class = &quot;col-md-offset-1 col-md-4 col-width&quot;&gt;
          &lt;img src = &quot;/assets/images/content.png&quot;&gt;
        &lt;/div&gt;
        &lt;div class = &quot;col-md-offset-2 col-md-4 col-width col-txt&quot;&gt;
          &lt;h1&gt; Content at your fingertips &lt;/h1&gt;
          &lt;p class = &quot;pull-left&quot;&gt;
          The Open Class Knowledge Base has content from all parts of ICS 211.  From simple review topics to in-depth analysis of sorting algorithms, the Open Class Knowledge Base will have what you're looking for.
          &lt;/p&gt;
        &lt;/div&gt;
      &lt;/div&gt;
      &lt;hr&gt;

      &lt;div class = &quot;row row-fluid&quot;&gt;
        &lt;div class = &quot;col-md-offset-1 col-md-4 col-width col-txt&quot;&gt;
          &lt;h1&gt; Course collaboration &lt;/h1&gt;
          &lt;p class=&quot;pull-right&quot;&gt;The Open Class Knowledge Base is driven by the peers you learn with and the instructors you learn from.  Connect, communicate, and collaborate with people you know and names you recognize.&lt;/p&gt;
        &lt;/div&gt;
        &lt;div class=&quot;col-md-offset-2 col-md-4 col-width&quot;&gt;
          &lt;img src = &quot;/assets/images/coursecollab.png&quot;&gt;
        &lt;/div&gt;
      &lt;/div&gt;
      &lt;hr&gt;

      &lt;div class = &quot;row row-fluid&quot;&gt;
        &lt;div class = &quot;col-md-offset-1 col-md-4 col-width&quot;&gt;
          &lt;img src = &quot;/assets/images/past.png&quot;&gt;
        &lt;/div&gt;
        &lt;div class=&quot;col-md-offset-2 col-md-4 col-width col-txt&quot;&gt;
          &lt;h1&gt;Learn from the past, prepare for the future&lt;/h1&gt;
          &lt;p class = &quot;pull-left&quot;&gt;
          Got a question?  Chances are, someone may have already asked it. Utilize this feature and collaborate with the community to find new answers to old questions.
          &lt;/p&gt;
        &lt;/div&gt;
      &lt;/div&gt;
      &lt;hr&gt;

      &lt;div class = &quot;row row-fluid&quot;&gt;
          &lt;div class = &quot;col-md-offset-1 col-md-4 col-width col-txt&quot;&gt;
            &lt;h1&gt;Beyond the classroom&lt;/h1&gt;
            &lt;p class = &quot;pull-left&quot;&gt;
              Open Class Knowledge Base expands on the same topics covered in class by offering different perspectives on the same problem. Go beyond the textbook and spend less time searching and more time learning.
            &lt;/p&gt;
          &lt;/div&gt;
          &lt;div class=&quot;col-md-offset-2 col-md-4 col-width&quot;&gt;
            &lt;img src = &quot;/assets/images/designed.png&quot;&gt;
          &lt;/div&gt;
      &lt;/div&gt;
      &lt;hr&gt;

      &lt;div class = &quot;row row-fluid&quot;&gt;
        &lt;div class = &quot;col-md-offset-1 col-md-4 col-width&quot;&gt;
          &lt;img src = &quot;/assets/images/mobile.png&quot;&gt;
        &lt;/div&gt;
        &lt;div class=&quot;col-md-offset-2 col-md-4 col-width col-txt&quot;&gt;
          &lt;h1&gt; Learn anywhere, anytime &lt;/h1&gt;
          &lt;p class = &quot;pull-left&quot;&gt;Access the Open Class Knowledge Base from your tablet, mobile phone, or your laptop.  Contribute content and ask questions wherever you are, whenever you want.&lt;/p&gt;
        &lt;/div&gt;
      &lt;/div&gt;
      &lt;hr&gt;

      &lt;div class = &quot;row-fluid bottom-text&quot;&gt;&lt;br&gt;
        &lt;div class = &quot;text-center&quot;&gt; 
          &lt;p&gt;Sign in with your UH info to get started &lt;/p&gt;
          &lt;a href=&quot;#.html&quot; class=&quot;btn btn-primary btn-lg btn-bottom&quot;&gt;Sign in&lt;/a&gt;
      &lt;/div&gt;
    &lt;/div&gt;

    &lt;/div&gt;
        

    &lt;footer&gt;
      &lt;p&gt;&amp;copy; OCKB 2014&lt;/p&gt;
    &lt;/footer&gt;


    &lt;/body&gt;
&lt;/html&gt;

'&gt; should contain the String:&lt;'Your new application is ready.'&gt;" type="sbt.ForkMain$ForkError">
              sbt.ForkMain$ForkError: &lt;'



&lt;!DOCTYPE html&gt;

&lt;html&gt;
    &lt;head&gt;
        &lt;title&gt;Open Class Knowledge Base&lt;/title&gt;
        &lt;link href=&quot;http://netdna.bootstrapcdn.com/bootswatch/3.1.1/flatly/bootstrap.min.css&quot; rel=&quot;stylesheet&quot;&gt;
    	&lt;link href=&quot;http://netdna.bootstrapcdn.com/font-awesome/4.0.3/css/font-awesome.css&quot; rel=&quot;stylesheet&quot;&gt;
        &lt;link rel=&quot;stylesheet&quot; media=&quot;screen&quot; href=&quot;/assets/stylesheets/main.css&quot;&gt;
        &lt;link rel=&quot;shortcut icon&quot; type=&quot;image/png&quot; href=&quot;/assets/images/favicon.png&quot;&gt;
        &lt;script src=&quot;https://netdna.bootstrapcdn.com/bootstrap/3.0.0/js/bootstrap.min.js&quot; type=&quot;text/javascript&quot;&gt;&lt;/script&gt;
        &lt;script src=&quot;/assets/javascripts/jquery-1.9.0.min.js&quot; type=&quot;text/javascript&quot;&gt;&lt;/script&gt;
    &lt;/head&gt;
    &lt;body&gt;
    	&lt;div class=&quot;navbar-default navbar-fixed-top&quot;&gt;
	      &lt;div class=&quot;container-fluid&quot;&gt;
	        &lt;div class=&quot;navbar-header&quot;&gt;
	          &lt;button type=&quot;button&quot; class=&quot;navbar-toggle&quot; data-toggle=&quot;collapse&quot; data-target=&quot;.navbar-collapse&quot;&gt;
	            &lt;span class=&quot;icon-bar&quot;&gt;&lt;/span&gt;&lt;span class=&quot;icon-bar&quot;&gt;&lt;/span&gt;&lt;span class=&quot;icon-bar&quot;&gt;&lt;/span&gt;
	          &lt;/button&gt;
	          &lt;a class=&quot;navbar-brand&quot; href=&quot;#&quot;&gt;OCKB&lt;/a&gt;
	        &lt;/div&gt;
	        &lt;div class=&quot;navbar-collapse collapse&quot;&gt;
	          &lt;form class=&quot;navbar-form navbar-right&quot; action=&quot;/comments&quot;&gt;
	            &lt;button type=&quot;submit&quot; class=&quot;btn btn-default&quot;&gt;Sign in&lt;/button&gt;
	          &lt;/form&gt;
	        &lt;/div&gt;
	      &lt;/div&gt;
    	&lt;/div&gt;
        

    &lt;div class=&quot;container-fluid center-block&quot;&gt;

      &lt;div class=&quot;row row-top-img&quot;&gt;
        &lt;div class=&quot;col-lg-12&quot;&gt;
          &lt;img src = &quot;/assets/images/logo-bluegray.gif&quot; class=&quot;img-responsive&quot;&gt;
        &lt;/div&gt;
      &lt;/div&gt;

      &lt;div class = &quot;row row-top&quot;&gt;
        &lt;div class = &quot;col-lg-12 txt-top&quot;&gt;
          &lt;h1 class=&quot;text-center&quot;&gt; Open Class Knowledge Base &lt;/h1&gt;
          &lt;p class = &quot;text-center&quot;&gt;Made by students, for students, the Open Class Knowledge Base features a collaborative environment that lets you interact with your classmates and professors like never before.&lt;/p&gt;
        &lt;/div&gt;
        &lt;!--&lt;div class=&quot;col-lg-6&quot;&gt;
          &lt;img src = &quot;comm-based.png&quot; class = &quot;img-responsive&quot;&gt;
        &lt;/div&gt; --&gt;
      &lt;/div&gt;
      &lt;hr&gt;

      &lt;div class = &quot;row row-fluid&quot;&gt;
        &lt;div class = &quot;col-md-offset-1 col-md-4 col-width&quot;&gt;
          &lt;img src = &quot;/assets/images/content.png&quot;&gt;
        &lt;/div&gt;
        &lt;div class = &quot;col-md-offset-2 col-md-4 col-width col-txt&quot;&gt;
          &lt;h1&gt; Content at your fingertips &lt;/h1&gt;
          &lt;p class = &quot;pull-left&quot;&gt;
          The Open Class Knowledge Base has content from all parts of ICS 211.  From simple review topics to in-depth analysis of sorting algorithms, the Open Class Knowledge Base will have what you're looking for.
          &lt;/p&gt;
        &lt;/div&gt;
      &lt;/div&gt;
      &lt;hr&gt;

      &lt;div class = &quot;row row-fluid&quot;&gt;
        &lt;div class = &quot;col-md-offset-1 col-md-4 col-width col-txt&quot;&gt;
          &lt;h1&gt; Course collaboration &lt;/h1&gt;
          &lt;p class=&quot;pull-right&quot;&gt;The Open Class Knowledge Base is driven by the peers you learn with and the instructors you learn from.  Connect, communicate, and collaborate with people you know and names you recognize.&lt;/p&gt;
        &lt;/div&gt;
        &lt;div class=&quot;col-md-offset-2 col-md-4 col-width&quot;&gt;
          &lt;img src = &quot;/assets/images/coursecollab.png&quot;&gt;
        &lt;/div&gt;
      &lt;/div&gt;
      &lt;hr&gt;

      &lt;div class = &quot;row row-fluid&quot;&gt;
        &lt;div class = &quot;col-md-offset-1 col-md-4 col-width&quot;&gt;
          &lt;img src = &quot;/assets/images/past.png&quot;&gt;
        &lt;/div&gt;
        &lt;div class=&quot;col-md-offset-2 col-md-4 col-width col-txt&quot;&gt;
          &lt;h1&gt;Learn from the past, prepare for the future&lt;/h1&gt;
          &lt;p class = &quot;pull-left&quot;&gt;
          Got a question?  Chances are, someone may have already asked it. Utilize this feature and collaborate with the community to find new answers to old questions.
          &lt;/p&gt;
        &lt;/div&gt;
      &lt;/div&gt;
      &lt;hr&gt;

      &lt;div class = &quot;row row-fluid&quot;&gt;
          &lt;div class = &quot;col-md-offset-1 col-md-4 col-width col-txt&quot;&gt;
            &lt;h1&gt;Beyond the classroom&lt;/h1&gt;
            &lt;p class = &quot;pull-left&quot;&gt;
              Open Class Knowledge Base expands on the same topics covered in class by offering different perspectives on the same problem. Go beyond the textbook and spend less time searching and more time learning.
            &lt;/p&gt;
          &lt;/div&gt;
          &lt;div class=&quot;col-md-offset-2 col-md-4 col-width&quot;&gt;
            &lt;img src = &quot;/assets/images/designed.png&quot;&gt;
          &lt;/div&gt;
      &lt;/div&gt;
      &lt;hr&gt;

      &lt;div class = &quot;row row-fluid&quot;&gt;
        &lt;div class = &quot;col-md-offset-1 col-md-4 col-width&quot;&gt;
          &lt;img src = &quot;/assets/images/mobile.png&quot;&gt;
        &lt;/div&gt;
        &lt;div class=&quot;col-md-offset-2 col-md-4 col-width col-txt&quot;&gt;
          &lt;h1&gt; Learn anywhere, anytime &lt;/h1&gt;
          &lt;p class = &quot;pull-left&quot;&gt;Access the Open Class Knowledge Base from your tablet, mobile phone, or your laptop.  Contribute content and ask questions wherever you are, whenever you want.&lt;/p&gt;
        &lt;/div&gt;
      &lt;/div&gt;
      &lt;hr&gt;

      &lt;div class = &quot;row-fluid bottom-text&quot;&gt;&lt;br&gt;
        &lt;div class = &quot;text-center&quot;&gt; 
          &lt;p&gt;Sign in with your UH info to get started &lt;/p&gt;
          &lt;a href=&quot;#.html&quot; class=&quot;btn btn-primary btn-lg btn-bottom&quot;&gt;Sign in&lt;/a&gt;
      &lt;/div&gt;
    &lt;/div&gt;

    &lt;/div&gt;
        

    &lt;footer&gt;
      &lt;p&gt;&amp;copy; OCKB 2014&lt;/p&gt;
    &lt;/footer&gt;


    &lt;/body&gt;
&lt;/html&gt;

'&gt; should contain the String:&lt;'Your new application is ready.'&gt;
	at org.fest.assertions.Fail.failure(Fail.java:228)
	at org.fest.assertions.Assert.failure(Assert.java:149)
	at org.fest.assertions.StringAssert.contains(StringAssert.java:73)
	at ApplicationTest.renderTemplate(ApplicationTest.java:40)
	at sun.reflect.NativeMethodAccessorImpl.invoke0(Native Method)
	at sun.reflect.NativeMethodAccessorImpl.invoke(Unknown Source)
	at sun.reflect.DelegatingMethodAccessorImpl.invoke(Unknown Source)
	at java.lang.reflect.Method.invoke(Unknown Source)
	at org.junit.runners.model.FrameworkMethod$1.runReflectiveCall(FrameworkMethod.java:47)
	at org.junit.internal.runners.model.ReflectiveCallable.run(ReflectiveCallable.java:12)
	at org.junit.runners.model.FrameworkMethod.invokeExplosively(FrameworkMethod.java:44)
	at org.junit.internal.runners.statements.InvokeMethod.evaluate(InvokeMethod.java:17)
	at org.junit.runners.ParentRunner.runLeaf(ParentRunner.java:271)
	at org.junit.runners.BlockJUnit4ClassRunner.runChild(BlockJUnit4ClassRunner.java:70)
	at org.junit.runners.BlockJUnit4ClassRunner.runChild(BlockJUnit4ClassRunner.java:50)
	at org.junit.runners.ParentRunner$3.run(ParentRunner.java:238)
	at org.junit.runners.ParentRunner$1.schedule(ParentRunner.java:63)
	at org.junit.runners.ParentRunner.runChildren(ParentRunner.java:236)
	at org.junit.runners.ParentRunner.access$000(ParentRunner.java:53)
	at org.junit.runners.ParentRunner$2.evaluate(ParentRunner.java:229)
	at org.junit.runners.ParentRunner.run(ParentRunner.java:309)
	at org.junit.runners.Suite.runChild(Suite.java:127)
	at org.junit.runners.Suite.runChild(Suite.java:26)
	at org.junit.runners.ParentRunner$3.run(ParentRunner.java:238)
	at org.junit.runners.ParentRunner$1.schedule(ParentRunner.java:63)
	at org.junit.runners.ParentRunner.runChildren(ParentRunner.java:236)
	at org.junit.runners.ParentRunner.access$000(ParentRunner.java:53)
	at org.junit.runners.ParentRunner$2.evaluate(ParentRunner.java:229)
	at org.junit.runners.ParentRunner.run(ParentRunner.java:309)
	at org.junit.runner.JUnitCore.run(JUnitCore.java:160)
	at org.junit.runner.JUnitCore.run(JUnitCore.java:138)
	at com.novocode.junit.JUnitRunner.run(JUnitRunner.java:90)
	at sbt.RunnerWrapper$1.runRunner2(FrameworkWrapper.java:220)
	at sbt.RunnerWrapper$1.execute(FrameworkWrapper.java:233)
	at sbt.ForkMain$Run.runTest(ForkMain.java:239)
	at sbt.ForkMain$Run.runTestSafe(ForkMain.java:211)
	at sbt.ForkMain$Run.runTests(ForkMain.java:187)
	at sbt.ForkMain$Run.run(ForkMain.java:251)
	at sbt.ForkMain.main(ForkMain.java:97)

            </failure>
    </testcase>
        <system-out>
          
        </system-out>
        <system-err>
          
        </system-err>
      </testsuite>