<?xml version='1.0' encoding='UTF-8'?>
<testsuite hostname="Unluckyitis" name="IntegrationTest" tests="1" errors="0" failures="1" time="0.001">
        <properties>
[...]
</properties>
        <testcase classname="IntegrationTest" name="test" time="0.0">
      <failure message="com.gargoylesoftware.htmlunit.ScriptException: ReferenceError: &quot;jQuery&quot; is not defined. (https://netdna.bootstrapcdn.com/bootstrap/3.0.0/js/bootstrap.min.js#6)
Build info: version: '2.32.0', revision: '6c40c187d01409a5dc3b7f8251859150c8af0bcb', time: '2013-04-09 10:39:28'
System info: os.name: 'Windows 7', os.arch: 'amd64', os.version: '6.1', java.version: '1.7.0_51'
Driver info: driver.version: HtmlUnitDriver" type="sbt.ForkMain$ForkError">
              sbt.ForkMain$ForkError: com.gargoylesoftware.htmlunit.ScriptException: ReferenceError: &quot;jQuery&quot; is not defined. (https://netdna.bootstrapcdn.com/bootstrap/3.0.0/js/bootstrap.min.js#6)
Build info: version: '2.32.0', revision: '6c40c187d01409a5dc3b7f8251859150c8af0bcb', time: '2013-04-09 10:39:28'
System info: os.name: 'Windows 7', os.arch: 'amd64', os.version: '6.1', java.version: '1.7.0_51'
Driver info: driver.version: HtmlUnitDriver
	at org.openqa.selenium.htmlunit.HtmlUnitDriver.get(HtmlUnitDriver.java:367)
	at org.openqa.selenium.htmlunit.HtmlUnitDriver.get(HtmlUnitDriver.java:346)
	at org.fluentlenium.core.Fluent.goTo(Fluent.java:228)
	at IntegrationTest$1.invoke(IntegrationTest.java:22)
	at IntegrationTest$1.invoke(IntegrationTest.java:20)
	at play.test.Helpers.running(Helpers.java:433)
	at IntegrationTest.test(IntegrationTest.java:20)
	at sun.reflect.NativeMethodAccessorImpl.invoke0(Native Method)
	at sun.reflect.NativeMethodAccessorImpl.invoke(Unknown Source)
	at sun.reflect.DelegatingMethodAccessorImpl.invoke(Unknown Source)
	at java.lang.reflect.Method.invoke(Unknown Source)
	at org.junit.runners.model.FrameworkMethod$1.runReflectiveCall(FrameworkMethod.java:47)
	at org.junit.internal.runners.model.ReflectiveCallable.run(ReflectiveCallable.java:12)
	at org.junit.runners.model.FrameworkMethod.invokeExplosively(FrameworkMethod.java:44)
	at org.junit.internal.runners.statements.InvokeMethod.evaluate(InvokeMethod.java:17)
	at org.junit.runners.ParentRunner.runLeaf(ParentRunner.java:271)
	at org.junit.runners.BlockJUnit4ClassRunner.runChild(BlockJUnit4ClassRunner.java:70)
	at org.junit.runners.BlockJUnit4ClassRunner.runChild(BlockJUnit4ClassRunner.java:50)
	at org.junit.runners.ParentRunner$3.run(ParentRunner.java:238)
	at org.junit.runners.ParentRunner$1.schedule(ParentRunner.java:63)
	at org.junit.runners.ParentRunner.runChildren(ParentRunner.java:236)
	at org.junit.runners.ParentRunner.access$000(ParentRunner.java:53)
	at org.junit.runners.ParentRunner$2.evaluate(ParentRunner.java:229)
	at org.junit.runners.ParentRunner.run(ParentRunner.java:309)
	at org.junit.runners.Suite.runChild(Suite.java:127)
	at org.junit.runners.Suite.runChild(Suite.java:26)
	at org.junit.runners.ParentRunner$3.run(ParentRunner.java:238)
	at org.junit.runners.ParentRunner$1.schedule(ParentRunner.java:63)
	at org.junit.runners.ParentRunner.runChildren(ParentRunner.java:236)
	at org.junit.runners.ParentRunner.access$000(ParentRunner.java:53)
	at org.junit.runners.ParentRunner$2.evaluate(ParentRunner.java:229)
	at org.junit.runners.ParentRunner.run(ParentRunner.java:309)
	at org.junit.runner.JUnitCore.run(JUnitCore.java:160)
	at org.junit.runner.JUnitCore.run(JUnitCore.java:138)
	at com.novocode.junit.JUnitRunner.run(JUnitRunner.java:90)
	at sbt.RunnerWrapper$1.runRunner2(FrameworkWrapper.java:220)
	at sbt.RunnerWrapper$1.execute(FrameworkWrapper.java:233)
	at sbt.ForkMain$Run.runTest(ForkMain.java:239)
	at sbt.ForkMain$Run.runTestSafe(ForkMain.java:211)
	at sbt.ForkMain$Run.runTests(ForkMain.java:187)
	at sbt.ForkMain$Run.run(ForkMain.java:251)
	at sbt.ForkMain.main(ForkMain.java:97)
Caused by: sbt.ForkMain$ForkError: ReferenceError: &quot;jQuery&quot; is not defined. (https://netdna.bootstrapcdn.com/bootstrap/3.0.0/js/bootstrap.min.js#6)
	at com.gargoylesoftware.htmlunit.javascript.JavaScriptEngine$HtmlUnitContextAction.run(JavaScriptEngine.java:669)
	at net.sourceforge.htmlunit.corejs.javascript.Context.call(Context.java:601)
	at net.sourceforge.htmlunit.corejs.javascript.ContextFactory.call(ContextFactory.java:507)
	at com.gargoylesoftware.htmlunit.javascript.JavaScriptEngine.execute(JavaScriptEngine.java:555)
	at com.gargoylesoftware.htmlunit.html.HtmlPage.loadExternalJavaScriptFile(HtmlPage.java:1082)
	at com.gargoylesoftware.htmlunit.html.HtmlScript.executeScriptIfNeeded(HtmlScript.java:399)
	at com.gargoylesoftware.htmlunit.html.HtmlScript$3.execute(HtmlScript.java:260)
	at com.gargoylesoftware.htmlunit.html.HtmlScript.onAllChildrenAddedToPage(HtmlScript.java:276)
	at com.gargoylesoftware.htmlunit.html.HTMLParser$HtmlUnitDOMBuilder.endElement(HTMLParser.java:676)
	at org.apache.xerces.parsers.AbstractSAXParser.endElement(Unknown Source)
	at com.gargoylesoftware.htmlunit.html.HTMLParser$HtmlUnitDOMBuilder.endElement(HTMLParser.java:635)
	at org.cyberneko.html.HTMLTagBalancer.callEndElement(HTMLTagBalancer.java:1170)
	at org.cyberneko.html.HTMLTagBalancer.endElement(HTMLTagBalancer.java:1072)
	at org.cyberneko.html.filters.DefaultFilter.endElement(DefaultFilter.java:206)
	at org.cyberneko.html.filters.NamespaceBinder.endElement(NamespaceBinder.java:330)
	at org.cyberneko.html.HTMLScanner$ContentScanner.scanEndElement(HTMLScanner.java:3074)
	at org.cyberneko.html.HTMLScanner$ContentScanner.scan(HTMLScanner.java:2041)
	at org.cyberneko.html.HTMLScanner.scanDocument(HTMLScanner.java:918)
	at org.cyberneko.html.HTMLConfiguration.parse(HTMLConfiguration.java:499)
	at org.cyberneko.html.HTMLConfiguration.parse(HTMLConfiguration.java:452)
	at org.apache.xerces.parsers.XMLParser.parse(Unknown Source)
	at com.gargoylesoftware.htmlunit.html.HTMLParser$HtmlUnitDOMBuilder.parse(HTMLParser.java:892)
	at com.gargoylesoftware.htmlunit.html.HTMLParser.parse(HTMLParser.java:241)
	at com.gargoylesoftware.htmlunit.html.HTMLParser.parseHtml(HTMLParser.java:187)
	at com.gargoylesoftware.htmlunit.DefaultPageCreator.createHtmlPage(DefaultPageCreator.java:268)
	at com.gargoylesoftware.htmlunit.DefaultPageCreator.createPage(DefaultPageCreator.java:156)
	at com.gargoylesoftware.htmlunit.WebClient.loadWebResponseInto(WebClient.java:434)
	at com.gargoylesoftware.htmlunit.WebClient.getPage(WebClient.java:309)
	at com.gargoylesoftware.htmlunit.WebClient.getPage(WebClient.java:374)
	at org.openqa.selenium.htmlunit.HtmlUnitDriver.get(HtmlUnitDriver.java:359)
	... 41 more
Caused by: sbt.ForkMain$ForkError: ReferenceError: &quot;jQuery&quot; is not defined. (https://netdna.bootstrapcdn.com/bootstrap/3.0.0/js/bootstrap.min.js#6)
	at net.sourceforge.htmlunit.corejs.javascript.ScriptRuntime.constructError(ScriptRuntime.java:3603)
	at net.sourceforge.htmlunit.corejs.javascript.ScriptRuntime.constructError(ScriptRuntime.java:3587)
	at net.sourceforge.htmlunit.corejs.javascript.ScriptRuntime.notFoundError(ScriptRuntime.java:3657)
	at net.sourceforge.htmlunit.corejs.javascript.ScriptRuntime.name(ScriptRuntime.java:1685)
	at net.sourceforge.htmlunit.corejs.javascript.Interpreter.interpretLoop(Interpreter.java:1622)
	at net.sourceforge.htmlunit.corejs.javascript.Interpreter.interpret(Interpreter.java:798)
	at net.sourceforge.htmlunit.corejs.javascript.InterpretedFunction.call(InterpretedFunction.java:105)
	at net.sourceforge.htmlunit.corejs.javascript.ContextFactory.doTopCall(ContextFactory.java:405)
	at com.gargoylesoftware.htmlunit.javascript.HtmlUnitContextFactory.doTopCall(HtmlUnitContextFactory.java:275)
	at net.sourceforge.htmlunit.corejs.javascript.ScriptRuntime.doTopCall(ScriptRuntime.java:3031)
	at net.sourceforge.htmlunit.corejs.javascript.InterpretedFunction.exec(InterpretedFunction.java:115)
	at com.gargoylesoftware.htmlunit.javascript.JavaScriptEngine$3.doRun(JavaScriptEngine.java:546)
	at com.gargoylesoftware.htmlunit.javascript.JavaScriptEngine$HtmlUnitContextAction.run(JavaScriptEngine.java:654)
	... 70 more

            </failure>
    </testcase>
        <system-out>
          
        </system-out>
        <system-err>
          
        </system-err>
      </testsuite>